mode: set
github.com/zjx/one-rss/internal/rules/engine.go:16.36,18.2 1 0
github.com/zjx/one-rss/internal/rules/engine.go:44.45,48.2 1 0
github.com/zjx/one-rss/internal/rules/engine.go:50.60,52.16 2 0
github.com/zjx/one-rss/internal/rules/engine.go:52.16,54.3 1 0
github.com/zjx/one-rss/internal/rules/engine.go:56.2,56.29 1 0
github.com/zjx/one-rss/internal/rules/engine.go:56.29,57.20 1 0
github.com/zjx/one-rss/internal/rules/engine.go:57.20,58.12 1 0
github.com/zjx/one-rss/internal/rules/engine.go:61.3,62.17 2 0
github.com/zjx/one-rss/internal/rules/engine.go:62.17,63.12 1 0
github.com/zjx/one-rss/internal/rules/engine.go:66.3,66.14 1 0
github.com/zjx/one-rss/internal/rules/engine.go:66.14,67.40 1 0
github.com/zjx/one-rss/internal/rules/engine.go:67.40,69.5 1 0
github.com/zjx/one-rss/internal/rules/engine.go:73.2,73.12 1 0
github.com/zjx/one-rss/internal/rules/engine.go:76.100,77.24 1 1
github.com/zjx/one-rss/internal/rules/engine.go:78.16,79.19 1 1
github.com/zjx/one-rss/internal/rules/engine.go:80.16,81.53 1 1
github.com/zjx/one-rss/internal/rules/engine.go:82.10,83.73 1 0
github.com/zjx/one-rss/internal/rules/engine.go:87.99,88.23 1 1
github.com/zjx/one-rss/internal/rules/engine.go:88.23,90.3 1 1
github.com/zjx/one-rss/internal/rules/engine.go:92.2,95.33 3 1
github.com/zjx/one-rss/internal/rules/engine.go:95.33,97.17 2 1
github.com/zjx/one-rss/internal/rules/engine.go:97.17,99.4 1 0
github.com/zjx/one-rss/internal/rules/engine.go:101.3,101.16 1 1
github.com/zjx/one-rss/internal/rules/engine.go:102.14,103.28 1 1
github.com/zjx/one-rss/internal/rules/engine.go:104.13,105.28 1 1
github.com/zjx/one-rss/internal/rules/engine.go:108.3,108.23 1 1
github.com/zjx/one-rss/internal/rules/engine.go:111.2,111.20 1 1
github.com/zjx/one-rss/internal/rules/engine.go:114.102,117.22 2 1
github.com/zjx/one-rss/internal/rules/engine.go:118.19,119.33 1 0
github.com/zjx/one-rss/internal/rules/engine.go:120.23,121.29 1 1
github.com/zjx/one-rss/internal/rules/engine.go:122.16,123.30 1 1
github.com/zjx/one-rss/internal/rules/engine.go:124.17,125.31 1 0
github.com/zjx/one-rss/internal/rules/engine.go:126.13,127.27 1 0
github.com/zjx/one-rss/internal/rules/engine.go:128.10,129.62 1 0
github.com/zjx/one-rss/internal/rules/engine.go:132.2,132.25 1 1
github.com/zjx/one-rss/internal/rules/engine.go:133.18,134.91 1 1
github.com/zjx/one-rss/internal/rules/engine.go:135.16,136.58 1 1
github.com/zjx/one-rss/internal/rules/engine.go:137.20,138.59 1 1
github.com/zjx/one-rss/internal/rules/engine.go:139.21,140.92 1 1
github.com/zjx/one-rss/internal/rules/engine.go:141.19,142.92 1 1
github.com/zjx/one-rss/internal/rules/engine.go:143.10,144.68 1 0
github.com/zjx/one-rss/internal/rules/engine.go:148.82,149.21 1 0
github.com/zjx/one-rss/internal/rules/engine.go:150.18,153.13 3 0
github.com/zjx/one-rss/internal/rules/engine.go:154.14,157.13 3 0
github.com/zjx/one-rss/internal/rules/engine.go:158.19,161.13 3 0
github.com/zjx/one-rss/internal/rules/engine.go:162.20,165.13 3 0
github.com/zjx/one-rss/internal/rules/engine.go:166.10,167.60 1 0
github.com/zjx/one-rss/internal/rules/engine.go:171.44,174.16 2 0
github.com/zjx/one-rss/internal/rules/engine.go:174.16,176.3 1 0
github.com/zjx/one-rss/internal/rules/engine.go:179.2,180.12 2 0
github.com/zjx/one-rss/internal/rules/engine.go:183.45,186.2 1 0
github.com/zjx/one-rss/internal/utils/errors.go:15.35,16.18 1 1
github.com/zjx/one-rss/internal/utils/errors.go:16.18,18.3 1 1
github.com/zjx/one-rss/internal/utils/errors.go:19.2,19.18 1 1
github.com/zjx/one-rss/internal/utils/errors.go:22.65,28.2 1 1
github.com/zjx/one-rss/internal/utils/errors.go:30.52,31.39 1 1
github.com/zjx/one-rss/internal/utils/errors.go:31.39,34.3 2 1
github.com/zjx/one-rss/internal/utils/errors.go:36.2,37.78 2 1
github.com/zjx/one-rss/internal/utils/errors.go:40.72,44.2 3 1
github.com/zjx/one-rss/internal/utils/errors.go:46.73,50.2 3 1
github.com/zjx/one-rss/internal/utils/errors.go:52.60,54.2 1 1
github.com/zjx/one-rss/internal/utils/errors.go:56.63,58.2 1 1
github.com/zjx/one-rss/internal/utils/errors.go:60.61,62.2 1 1
github.com/zjx/one-rss/internal/utils/errors.go:64.66,66.2 1 1
github.com/zjx/one-rss/internal/utils/logger.go:15.13,20.2 4 1
github.com/zjx/one-rss/internal/utils/logger.go:22.44,24.2 1 0
github.com/zjx/one-rss/internal/utils/logger.go:26.45,28.2 1 0
github.com/zjx/one-rss/internal/utils/logger.go:30.44,32.2 1 0
github.com/zjx/one-rss/internal/utils/logger.go:34.45,36.2 1 0
github.com/zjx/one-rss/internal/summary/service.go:33.62,35.25 2 0
github.com/zjx/one-rss/internal/summary/service.go:36.15,37.32 1 0
github.com/zjx/one-rss/internal/summary/service.go:38.12,39.73 1 0
github.com/zjx/one-rss/internal/summary/service.go:40.10,41.32 1 0
github.com/zjx/one-rss/internal/summary/service.go:44.2,45.17 2 0
github.com/zjx/one-rss/internal/summary/service.go:45.17,47.3 1 0
github.com/zjx/one-rss/internal/summary/service.go:49.2,52.8 1 0
github.com/zjx/one-rss/internal/summary/service.go:55.70,56.16 1 0
github.com/zjx/one-rss/internal/summary/service.go:56.16,58.3 1 0
github.com/zjx/one-rss/internal/summary/service.go:60.2,60.17 1 0
github.com/zjx/one-rss/internal/summary/service.go:60.17,62.3 1 0
github.com/zjx/one-rss/internal/summary/service.go:64.2,64.43 1 0
github.com/zjx/one-rss/internal/summary/service.go:70.40,72.2 1 1
github.com/zjx/one-rss/internal/summary/service.go:74.76,77.25 2 1
github.com/zjx/one-rss/internal/summary/service.go:77.25,79.3 1 1
github.com/zjx/one-rss/internal/summary/service.go:82.2,82.25 1 1
github.com/zjx/one-rss/internal/summary/service.go:82.25,84.3 1 1
github.com/zjx/one-rss/internal/summary/service.go:87.2,100.39 5 1
github.com/zjx/one-rss/internal/summary/service.go:100.39,106.3 1 1
github.com/zjx/one-rss/internal/summary/service.go:108.2,108.41 1 1
github.com/zjx/one-rss/internal/summary/service.go:108.41,110.3 1 1
github.com/zjx/one-rss/internal/summary/service.go:113.2,116.28 3 1
github.com/zjx/one-rss/internal/summary/service.go:116.28,117.42 1 1
github.com/zjx/one-rss/internal/summary/service.go:117.42,118.9 1 1
github.com/zjx/one-rss/internal/summary/service.go:120.3,121.31 2 1
github.com/zjx/one-rss/internal/summary/service.go:125.2,128.38 3 1
github.com/zjx/one-rss/internal/summary/service.go:128.38,130.3 1 1
github.com/zjx/one-rss/internal/summary/service.go:132.2,132.29 1 1
github.com/zjx/one-rss/internal/summary/service.go:135.43,140.25 3 1
github.com/zjx/one-rss/internal/summary/service.go:140.25,142.81 2 1
github.com/zjx/one-rss/internal/summary/service.go:142.81,144.15 2 1
github.com/zjx/one-rss/internal/summary/service.go:144.15,146.5 1 1
github.com/zjx/one-rss/internal/summary/service.go:147.4,147.19 1 1
github.com/zjx/one-rss/internal/summary/service.go:152.2,152.23 1 1
github.com/zjx/one-rss/internal/summary/service.go:152.23,154.14 2 1
github.com/zjx/one-rss/internal/summary/service.go:154.14,156.4 1 1
github.com/zjx/one-rss/internal/summary/service.go:159.2,159.18 1 1
github.com/zjx/one-rss/internal/summary/service.go:162.61,166.29 3 1
github.com/zjx/one-rss/internal/summary/service.go:166.29,168.3 1 1
github.com/zjx/one-rss/internal/summary/service.go:171.2,172.25 2 1
github.com/zjx/one-rss/internal/summary/service.go:172.25,173.18 1 1
github.com/zjx/one-rss/internal/summary/service.go:173.18,175.4 1 1
github.com/zjx/one-rss/internal/summary/service.go:178.2,178.17 1 1
github.com/zjx/one-rss/internal/summary/service.go:178.17,179.26 1 1
github.com/zjx/one-rss/internal/summary/service.go:179.26,181.4 1 1
github.com/zjx/one-rss/internal/summary/service.go:184.2,184.13 1 1
github.com/zjx/one-rss/internal/summary/service.go:187.37,191.25 3 1
github.com/zjx/one-rss/internal/summary/service.go:191.25,192.48 1 1
github.com/zjx/one-rss/internal/summary/service.go:192.48,194.4 1 1
github.com/zjx/one-rss/internal/summary/service.go:194.9,194.31 1 1
github.com/zjx/one-rss/internal/summary/service.go:194.31,196.21 2 1
github.com/zjx/one-rss/internal/summary/service.go:196.21,198.5 1 1
github.com/zjx/one-rss/internal/summary/service.go:199.4,199.19 1 1
github.com/zjx/one-rss/internal/summary/service.go:203.2,203.23 1 1
github.com/zjx/one-rss/internal/summary/service.go:203.23,205.20 2 1
github.com/zjx/one-rss/internal/summary/service.go:205.20,207.4 1 1
github.com/zjx/one-rss/internal/summary/service.go:210.2,210.14 1 1
github.com/zjx/one-rss/internal/summary/service.go:213.80,216.37 2 1
github.com/zjx/one-rss/internal/summary/service.go:216.37,218.22 2 1
github.com/zjx/one-rss/internal/summary/service.go:218.22,219.12 1 0
github.com/zjx/one-rss/internal/summary/service.go:222.3,223.30 2 1
github.com/zjx/one-rss/internal/summary/service.go:223.30,225.4 1 1
github.com/zjx/one-rss/internal/summary/service.go:226.3,226.42 1 1
github.com/zjx/one-rss/internal/summary/service.go:229.2,229.15 1 1
github.com/zjx/one-rss/internal/summary/service.go:240.64,241.20 1 0
github.com/zjx/one-rss/internal/summary/service.go:241.20,243.3 1 0
github.com/zjx/one-rss/internal/summary/service.go:244.2,244.17 1 0
github.com/zjx/one-rss/internal/summary/service.go:244.17,246.3 1 0
github.com/zjx/one-rss/internal/summary/service.go:248.2,253.3 1 0
github.com/zjx/one-rss/internal/summary/service.go:256.73,270.16 5 0
github.com/zjx/one-rss/internal/summary/service.go:270.16,272.3 1 0
github.com/zjx/one-rss/internal/summary/service.go:274.2,275.16 2 0
github.com/zjx/one-rss/internal/summary/service.go:275.16,277.3 1 0
github.com/zjx/one-rss/internal/summary/service.go:279.2,283.16 4 0
github.com/zjx/one-rss/internal/summary/service.go:283.16,285.3 1 0
github.com/zjx/one-rss/internal/summary/service.go:286.2,289.16 3 0
github.com/zjx/one-rss/internal/summary/service.go:289.16,291.3 1 0
github.com/zjx/one-rss/internal/summary/service.go:293.2,294.54 2 0
github.com/zjx/one-rss/internal/summary/service.go:294.54,296.3 1 0
github.com/zjx/one-rss/internal/summary/service.go:298.2,299.30 2 0
github.com/zjx/one-rss/internal/summary/service.go:299.30,301.3 1 0
github.com/zjx/one-rss/internal/summary/service.go:303.2,304.9 2 0
github.com/zjx/one-rss/internal/summary/service.go:304.9,306.3 1 0
github.com/zjx/one-rss/internal/summary/service.go:308.2,309.9 2 0
github.com/zjx/one-rss/internal/summary/service.go:309.9,311.3 1 0
github.com/zjx/one-rss/internal/summary/service.go:313.2,314.9 2 0
github.com/zjx/one-rss/internal/summary/service.go:314.9,316.3 1 0
github.com/zjx/one-rss/internal/summary/service.go:318.2,318.21 1 0
github.com/zjx/one-rss/internal/ai/service.go:42.38,47.2 1 1
github.com/zjx/one-rss/internal/ai/service.go:49.86,54.16 2 1
github.com/zjx/one-rss/internal/ai/service.go:54.16,56.3 1 0
github.com/zjx/one-rss/internal/ai/service.go:58.2,65.8 2 1
github.com/zjx/one-rss/internal/ai/service.go:68.71,73.16 2 1
github.com/zjx/one-rss/internal/ai/service.go:73.16,75.3 1 0
github.com/zjx/one-rss/internal/ai/service.go:76.2,79.18 3 1
github.com/zjx/one-rss/internal/ai/service.go:79.18,81.124 2 1
github.com/zjx/one-rss/internal/ai/service.go:81.124,82.12 1 0
github.com/zjx/one-rss/internal/ai/service.go:84.3,84.39 1 1
github.com/zjx/one-rss/internal/ai/service.go:87.2,87.22 1 1
github.com/zjx/one-rss/internal/ai/service.go:90.71,95.16 2 1
github.com/zjx/one-rss/internal/ai/service.go:95.16,97.3 1 0
github.com/zjx/one-rss/internal/ai/service.go:98.2,101.18 3 1
github.com/zjx/one-rss/internal/ai/service.go:101.18,103.116 2 1
github.com/zjx/one-rss/internal/ai/service.go:103.116,104.12 1 0
github.com/zjx/one-rss/internal/ai/service.go:106.3,106.35 1 1
github.com/zjx/one-rss/internal/ai/service.go:109.2,109.22 1 1
github.com/zjx/one-rss/internal/ai/service.go:112.118,118.16 2 0
github.com/zjx/one-rss/internal/ai/service.go:118.16,120.3 1 0
github.com/zjx/one-rss/internal/ai/service.go:123.2,124.16 2 0
github.com/zjx/one-rss/internal/ai/service.go:124.16,126.3 1 0
github.com/zjx/one-rss/internal/ai/service.go:129.2,136.31 2 0
github.com/zjx/one-rss/internal/ai/service.go:136.31,141.3 1 0
github.com/zjx/one-rss/internal/ai/service.go:144.2,145.16 2 0
github.com/zjx/one-rss/internal/ai/service.go:145.16,147.3 1 0
github.com/zjx/one-rss/internal/ai/service.go:150.2,154.16 2 0
github.com/zjx/one-rss/internal/ai/service.go:154.16,156.3 1 0
github.com/zjx/one-rss/internal/ai/service.go:159.2,168.8 3 0
github.com/zjx/one-rss/internal/ai/service.go:171.88,173.20 2 0
github.com/zjx/one-rss/internal/ai/service.go:173.20,175.3 1 0
github.com/zjx/one-rss/internal/ai/service.go:177.2,178.17 2 0
github.com/zjx/one-rss/internal/ai/service.go:178.17,180.3 1 0
github.com/zjx/one-rss/internal/ai/service.go:182.2,191.16 4 0
github.com/zjx/one-rss/internal/ai/service.go:191.16,193.3 1 0
github.com/zjx/one-rss/internal/ai/service.go:195.2,196.16 2 0
github.com/zjx/one-rss/internal/ai/service.go:196.16,198.3 1 0
github.com/zjx/one-rss/internal/ai/service.go:200.2,204.16 4 0
github.com/zjx/one-rss/internal/ai/service.go:204.16,206.3 1 0
github.com/zjx/one-rss/internal/ai/service.go:207.2,210.16 3 0
github.com/zjx/one-rss/internal/ai/service.go:210.16,212.3 1 0
github.com/zjx/one-rss/internal/ai/service.go:214.2,215.54 2 0
github.com/zjx/one-rss/internal/ai/service.go:215.54,217.3 1 0
github.com/zjx/one-rss/internal/ai/service.go:219.2,220.30 2 0
github.com/zjx/one-rss/internal/ai/service.go:220.30,222.3 1 0
github.com/zjx/one-rss/internal/ai/service.go:224.2,225.9 2 0
github.com/zjx/one-rss/internal/ai/service.go:225.9,227.3 1 0
github.com/zjx/one-rss/internal/ai/service.go:229.2,230.9 2 0
github.com/zjx/one-rss/internal/ai/service.go:230.9,232.3 1 0
github.com/zjx/one-rss/internal/ai/service.go:234.2,235.9 2 0
github.com/zjx/one-rss/internal/ai/service.go:235.9,237.3 1 0
github.com/zjx/one-rss/internal/ai/service.go:239.2,239.21 1 0
github.com/zjx/one-rss/internal/ai/service.go:242.61,248.2 2 0
github.com/zjx/one-rss/internal/ai/service.go:250.101,253.35 2 0
github.com/zjx/one-rss/internal/ai/service.go:253.35,255.3 1 0
github.com/zjx/one-rss/internal/ai/service.go:257.2,268.36 2 0
github.com/zjx/one-rss/internal/feed/fetcher.go:22.38,30.2 1 1
github.com/zjx/one-rss/internal/feed/fetcher.go:44.68,47.16 2 1
github.com/zjx/one-rss/internal/feed/fetcher.go:47.16,49.3 1 0
github.com/zjx/one-rss/internal/feed/fetcher.go:50.2,54.16 3 1
github.com/zjx/one-rss/internal/feed/fetcher.go:54.16,56.3 1 0
github.com/zjx/one-rss/internal/feed/fetcher.go:58.2,60.40 2 1
github.com/zjx/one-rss/internal/feed/fetcher.go:60.40,62.25 2 1
github.com/zjx/one-rss/internal/feed/fetcher.go:62.25,64.4 1 0
github.com/zjx/one-rss/internal/feed/fetcher.go:66.3,74.22 2 1
github.com/zjx/one-rss/internal/feed/fetcher.go:74.22,76.4 1 0
github.com/zjx/one-rss/internal/feed/fetcher.go:76.9,78.4 1 1
github.com/zjx/one-rss/internal/feed/fetcher.go:81.3,81.34 1 1
github.com/zjx/one-rss/internal/feed/fetcher.go:81.34,83.4 1 1
github.com/zjx/one-rss/internal/feed/fetcher.go:83.9,83.39 1 1
github.com/zjx/one-rss/internal/feed/fetcher.go:83.39,85.4 1 0
github.com/zjx/one-rss/internal/feed/fetcher.go:85.9,87.4 1 1
github.com/zjx/one-rss/internal/feed/fetcher.go:90.3,90.24 1 1
github.com/zjx/one-rss/internal/feed/fetcher.go:90.24,92.4 1 0
github.com/zjx/one-rss/internal/feed/fetcher.go:95.3,95.39 1 1
github.com/zjx/one-rss/internal/feed/fetcher.go:95.39,96.11 1 0
github.com/zjx/one-rss/internal/feed/fetcher.go:97.46,98.32 1 0
github.com/zjx/one-rss/internal/feed/fetcher.go:99.46,100.32 1 0
github.com/zjx/one-rss/internal/feed/fetcher.go:104.3,104.34 1 1
github.com/zjx/one-rss/internal/feed/fetcher.go:107.2,107.19 1 1
github.com/zjx/one-rss/internal/feed/fetcher.go:110.70,112.16 2 1
github.com/zjx/one-rss/internal/feed/fetcher.go:112.16,114.3 1 0
github.com/zjx/one-rss/internal/feed/fetcher.go:116.2,120.16 2 1
github.com/zjx/one-rss/internal/feed/fetcher.go:120.16,123.3 2 0
github.com/zjx/one-rss/internal/feed/fetcher.go:124.2,126.29 2 1
github.com/zjx/one-rss/internal/feed/fetcher.go:126.29,139.17 2 1
github.com/zjx/one-rss/internal/feed/fetcher.go:139.17,142.4 1 0
github.com/zjx/one-rss/internal/feed/fetcher.go:145.2,145.20 1 1
github.com/zjx/one-rss/internal/feed/fetcher.go:148.57,150.16 2 1
github.com/zjx/one-rss/internal/feed/fetcher.go:150.16,154.3 2 0
github.com/zjx/one-rss/internal/feed/fetcher.go:156.2,156.20 1 1
github.com/zjx/one-rss/internal/feed/fetcher.go:156.20,157.56 1 1
github.com/zjx/one-rss/internal/feed/fetcher.go:157.56,159.4 1 0
github.com/zjx/one-rss/internal/feed/fetcher.go:162.3,163.17 2 1
github.com/zjx/one-rss/internal/feed/fetcher.go:163.17,165.4 1 0
github.com/zjx/one-rss/internal/feed/fetcher.go:168.2,168.12 1 1
github.com/zjx/one-rss/internal/feed/fetcher.go:171.60,173.16 2 0
github.com/zjx/one-rss/internal/feed/fetcher.go:173.16,175.3 1 0
github.com/zjx/one-rss/internal/feed/fetcher.go:176.2,179.16 3 0
github.com/zjx/one-rss/internal/feed/fetcher.go:179.16,181.3 1 0
github.com/zjx/one-rss/internal/feed/fetcher.go:183.2,183.26 1 0
github.com/zjx/one-rss/internal/feed/fetcher.go:186.63,188.16 2 1
github.com/zjx/one-rss/internal/feed/fetcher.go:188.16,190.3 1 0
github.com/zjx/one-rss/internal/feed/fetcher.go:191.2,194.16 3 1
github.com/zjx/one-rss/internal/feed/fetcher.go:194.16,196.3 1 0
github.com/zjx/one-rss/internal/feed/fetcher.go:198.2,203.29 4 1
github.com/zjx/one-rss/internal/feed/fetcher.go:203.29,206.61 2 1
github.com/zjx/one-rss/internal/feed/fetcher.go:206.61,209.19 2 1
github.com/zjx/one-rss/internal/feed/fetcher.go:209.19,212.18 3 1
github.com/zjx/one-rss/internal/feed/fetcher.go:212.18,214.45 2 1
github.com/zjx/one-rss/internal/feed/fetcher.go:214.45,217.7 1 1
github.com/zjx/one-rss/internal/feed/fetcher.go:218.6,218.36 1 1
github.com/zjx/one-rss/internal/feed/fetcher.go:225.2,225.21 1 1
github.com/zjx/one-rss/internal/feed/fetcher.go:225.21,227.17 2 0
github.com/zjx/one-rss/internal/feed/fetcher.go:227.17,229.4 1 0
github.com/zjx/one-rss/internal/feed/fetcher.go:232.2,232.19 1 1
github.com/zjx/one-rss/internal/statistics/service.go:12.38,14.2 1 1
github.com/zjx/one-rss/internal/statistics/service.go:42.46,47.16 3 1
github.com/zjx/one-rss/internal/statistics/service.go:47.16,49.3 1 0
github.com/zjx/one-rss/internal/statistics/service.go:52.2,53.16 2 1
github.com/zjx/one-rss/internal/statistics/service.go:53.16,55.3 1 0
github.com/zjx/one-rss/internal/statistics/service.go:58.2,59.16 2 1
github.com/zjx/one-rss/internal/statistics/service.go:59.16,61.3 1 0
github.com/zjx/one-rss/internal/statistics/service.go:64.2,65.16 2 1
github.com/zjx/one-rss/internal/statistics/service.go:65.16,67.3 1 0
github.com/zjx/one-rss/internal/statistics/service.go:70.2,71.16 2 1
github.com/zjx/one-rss/internal/statistics/service.go:71.16,73.3 1 0
github.com/zjx/one-rss/internal/statistics/service.go:74.2,78.16 3 1
github.com/zjx/one-rss/internal/statistics/service.go:78.16,80.3 1 0
github.com/zjx/one-rss/internal/statistics/service.go:81.2,85.16 3 1
github.com/zjx/one-rss/internal/statistics/service.go:85.16,87.3 1 0
github.com/zjx/one-rss/internal/statistics/service.go:88.2,90.19 2 1
github.com/zjx/one-rss/internal/statistics/service.go:93.64,103.16 3 1
github.com/zjx/one-rss/internal/statistics/service.go:103.16,105.3 1 0
github.com/zjx/one-rss/internal/statistics/service.go:106.2,109.18 3 1
github.com/zjx/one-rss/internal/statistics/service.go:109.18,111.60 2 1
github.com/zjx/one-rss/internal/statistics/service.go:111.60,112.12 1 1
github.com/zjx/one-rss/internal/statistics/service.go:114.3,114.30 1 0
github.com/zjx/one-rss/internal/statistics/service.go:117.2,117.19 1 1
github.com/zjx/one-rss/internal/statistics/service.go:120.54,129.16 2 1
github.com/zjx/one-rss/internal/statistics/service.go:129.16,131.3 1 0
github.com/zjx/one-rss/internal/statistics/service.go:132.2,135.18 3 1
github.com/zjx/one-rss/internal/statistics/service.go:135.18,137.79 2 1
github.com/zjx/one-rss/internal/statistics/service.go:137.79,138.12 1 0
github.com/zjx/one-rss/internal/statistics/service.go:140.3,140.30 1 1
github.com/zjx/one-rss/internal/statistics/service.go:143.2,143.19 1 1
github.com/zjx/one-rss/internal/statistics/service.go:146.62,154.16 2 1
github.com/zjx/one-rss/internal/statistics/service.go:154.16,156.3 1 0
github.com/zjx/one-rss/internal/statistics/service.go:157.2,160.18 3 1
github.com/zjx/one-rss/internal/statistics/service.go:160.18,162.64 2 1
github.com/zjx/one-rss/internal/statistics/service.go:162.64,163.12 1 0
github.com/zjx/one-rss/internal/statistics/service.go:165.3,165.30 1 1
github.com/zjx/one-rss/internal/statistics/service.go:168.2,168.19 1 1
github.com/zjx/one-rss/internal/statistics/service.go:171.60,178.16 2 1
github.com/zjx/one-rss/internal/statistics/service.go:178.16,180.3 1 0
github.com/zjx/one-rss/internal/statistics/service.go:181.2,184.18 3 1
github.com/zjx/one-rss/internal/statistics/service.go:184.18,187.52 3 1
github.com/zjx/one-rss/internal/statistics/service.go:187.52,188.12 1 0
github.com/zjx/one-rss/internal/statistics/service.go:190.3,190.25 1 1
github.com/zjx/one-rss/internal/statistics/service.go:193.2,193.20 1 1
github.com/zjx/one-rss/internal/statistics/service.go:196.49,200.2 3 1
github.com/zjx/one-rss/internal/database/database.go:14.32,17.18 2 1
github.com/zjx/one-rss/internal/database/database.go:17.18,19.3 1 1
github.com/zjx/one-rss/internal/database/database.go:22.2,23.47 2 1
github.com/zjx/one-rss/internal/database/database.go:23.47,25.3 1 0
github.com/zjx/one-rss/internal/database/database.go:28.2,29.16 2 1
github.com/zjx/one-rss/internal/database/database.go:29.16,31.3 1 0
github.com/zjx/one-rss/internal/database/database.go:34.2,34.62 1 1
github.com/zjx/one-rss/internal/database/database.go:34.62,36.3 1 0
github.com/zjx/one-rss/internal/database/database.go:39.2,39.61 1 1
github.com/zjx/one-rss/internal/database/database.go:39.61,41.3 1 0
github.com/zjx/one-rss/internal/database/database.go:44.2,44.41 1 1
github.com/zjx/one-rss/internal/database/database.go:44.41,46.3 1 0
github.com/zjx/one-rss/internal/database/database.go:48.2,49.16 2 1
github.com/zjx/one-rss/internal/database/database.go:52.25,54.51 1 1
github.com/zjx/one-rss/internal/database/database.go:54.51,56.3 1 0
github.com/zjx/one-rss/internal/database/database.go:59.2,59.21 1 1
github.com/zjx/one-rss/internal/database/database.go:62.37,213.32 2 1
github.com/zjx/one-rss/internal/database/database.go:213.32,214.43 1 1
github.com/zjx/one-rss/internal/database/database.go:214.43,216.4 1 0
github.com/zjx/one-rss/internal/database/database.go:219.2,219.12 1 1
github.com/zjx/one-rss/internal/database/database.go:222.14,223.15 1 0
github.com/zjx/one-rss/internal/database/database.go:223.15,225.3 1 0
github.com/zjx/one-rss/internal/integration/service.go:20.38,25.2 1 1
github.com/zjx/one-rss/internal/integration/service.go:32.106,33.28 1 1
github.com/zjx/one-rss/internal/integration/service.go:33.28,35.3 1 0
github.com/zjx/one-rss/internal/integration/service.go:38.2,58.12 3 1
github.com/zjx/one-rss/internal/integration/service.go:67.102,68.48 1 1
github.com/zjx/one-rss/internal/integration/service.go:68.48,70.3 1 1
github.com/zjx/one-rss/internal/integration/service.go:73.2,107.16 4 0
github.com/zjx/one-rss/internal/integration/service.go:107.16,109.3 1 0
github.com/zjx/one-rss/internal/integration/service.go:111.2,112.16 2 0
github.com/zjx/one-rss/internal/integration/service.go:112.16,114.3 1 0
github.com/zjx/one-rss/internal/integration/service.go:116.2,121.16 5 0
github.com/zjx/one-rss/internal/integration/service.go:121.16,123.3 1 0
github.com/zjx/one-rss/internal/integration/service.go:124.2,126.38 2 0
github.com/zjx/one-rss/internal/integration/service.go:126.38,129.3 2 0
github.com/zjx/one-rss/internal/integration/service.go:131.2,131.12 1 0
github.com/zjx/one-rss/internal/integration/service.go:140.86,141.48 1 1
github.com/zjx/one-rss/internal/integration/service.go:141.48,143.3 1 1
github.com/zjx/one-rss/internal/integration/service.go:145.2,161.16 4 0
github.com/zjx/one-rss/internal/integration/service.go:161.16,163.3 1 0
github.com/zjx/one-rss/internal/integration/service.go:165.2,166.16 2 0
github.com/zjx/one-rss/internal/integration/service.go:166.16,168.3 1 0
github.com/zjx/one-rss/internal/integration/service.go:170.2,174.16 4 0
github.com/zjx/one-rss/internal/integration/service.go:174.16,176.3 1 0
github.com/zjx/one-rss/internal/integration/service.go:177.2,179.79 2 0
github.com/zjx/one-rss/internal/integration/service.go:179.79,182.3 2 0
github.com/zjx/one-rss/internal/integration/service.go:184.2,184.12 1 0
github.com/zjx/one-rss/internal/integration/service.go:194.65,195.75 1 1
github.com/zjx/one-rss/internal/integration/service.go:195.75,197.3 1 1
github.com/zjx/one-rss/internal/integration/service.go:200.2,204.16 4 0
github.com/zjx/one-rss/internal/integration/service.go:204.16,206.3 1 0
github.com/zjx/one-rss/internal/integration/service.go:208.2,211.16 3 0
github.com/zjx/one-rss/internal/integration/service.go:211.16,213.3 1 0
github.com/zjx/one-rss/internal/integration/service.go:214.2,217.16 3 0
github.com/zjx/one-rss/internal/integration/service.go:217.16,219.3 1 0
github.com/zjx/one-rss/internal/integration/service.go:222.2,227.12 3 0
github.com/zjx/one-rss/internal/integration/service.go:236.88,237.27 1 1
github.com/zjx/one-rss/internal/integration/service.go:237.27,239.3 1 0
github.com/zjx/one-rss/internal/integration/service.go:241.2,244.16 3 1
github.com/zjx/one-rss/internal/integration/service.go:244.16,246.3 1 0
github.com/zjx/one-rss/internal/integration/service.go:248.2,248.25 1 1
github.com/zjx/one-rss/internal/integration/service.go:248.25,250.3 1 0
github.com/zjx/one-rss/internal/integration/service.go:252.2,253.16 2 1
github.com/zjx/one-rss/internal/integration/service.go:253.16,255.3 1 0
github.com/zjx/one-rss/internal/integration/service.go:256.2,258.46 2 1
github.com/zjx/one-rss/internal/translation/service.go:32.62,34.25 2 1
github.com/zjx/one-rss/internal/translation/service.go:35.16,36.33 1 1
github.com/zjx/one-rss/internal/translation/service.go:37.15,38.45 1 0
github.com/zjx/one-rss/internal/translation/service.go:39.12,40.73 1 0
github.com/zjx/one-rss/internal/translation/service.go:41.10,42.33 1 0
github.com/zjx/one-rss/internal/translation/service.go:45.2,48.8 1 1
github.com/zjx/one-rss/internal/translation/service.go:51.82,52.16 1 1
github.com/zjx/one-rss/internal/translation/service.go:52.16,54.3 1 1
github.com/zjx/one-rss/internal/translation/service.go:57.2,63.16 4 0
github.com/zjx/one-rss/internal/translation/service.go:63.16,65.3 1 0
github.com/zjx/one-rss/internal/translation/service.go:68.2,69.16 2 0
github.com/zjx/one-rss/internal/translation/service.go:69.16,71.3 1 0
github.com/zjx/one-rss/internal/translation/service.go:74.2,78.16 2 0
github.com/zjx/one-rss/internal/translation/service.go:78.16,81.3 1 0
github.com/zjx/one-rss/internal/translation/service.go:83.2,83.24 1 0
github.com/zjx/one-rss/internal/translation/service.go:91.42,95.2 1 1
github.com/zjx/one-rss/internal/translation/service.go:97.89,104.16 3 0
github.com/zjx/one-rss/internal/translation/service.go:104.16,106.3 1 0
github.com/zjx/one-rss/internal/translation/service.go:107.2,110.16 3 0
github.com/zjx/one-rss/internal/translation/service.go:110.16,112.3 1 0
github.com/zjx/one-rss/internal/translation/service.go:115.2,116.54 2 0
github.com/zjx/one-rss/internal/translation/service.go:116.54,118.3 1 0
github.com/zjx/one-rss/internal/translation/service.go:120.2,120.22 1 0
github.com/zjx/one-rss/internal/translation/service.go:120.22,122.3 1 0
github.com/zjx/one-rss/internal/translation/service.go:125.2,126.9 2 0
github.com/zjx/one-rss/internal/translation/service.go:126.9,128.3 1 0
github.com/zjx/one-rss/internal/translation/service.go:130.2,131.33 2 0
github.com/zjx/one-rss/internal/translation/service.go:131.33,132.59 1 0
github.com/zjx/one-rss/internal/translation/service.go:132.59,133.40 1 0
github.com/zjx/one-rss/internal/translation/service.go:133.40,135.5 1 0
github.com/zjx/one-rss/internal/translation/service.go:139.2,139.24 1 0
github.com/zjx/one-rss/internal/translation/service.go:148.53,153.2 1 1
github.com/zjx/one-rss/internal/translation/service.go:155.88,165.16 4 0
github.com/zjx/one-rss/internal/translation/service.go:165.16,167.3 1 0
github.com/zjx/one-rss/internal/translation/service.go:169.2,170.16 2 0
github.com/zjx/one-rss/internal/translation/service.go:170.16,172.3 1 0
github.com/zjx/one-rss/internal/translation/service.go:174.2,178.16 4 0
github.com/zjx/one-rss/internal/translation/service.go:178.16,180.3 1 0
github.com/zjx/one-rss/internal/translation/service.go:181.2,184.16 3 0
github.com/zjx/one-rss/internal/translation/service.go:184.16,186.3 1 0
github.com/zjx/one-rss/internal/translation/service.go:188.2,189.54 2 0
github.com/zjx/one-rss/internal/translation/service.go:189.54,191.3 1 0
github.com/zjx/one-rss/internal/translation/service.go:193.2,194.35 2 0
github.com/zjx/one-rss/internal/translation/service.go:194.35,196.3 1 0
github.com/zjx/one-rss/internal/translation/service.go:198.2,199.9 2 0
github.com/zjx/one-rss/internal/translation/service.go:199.9,201.3 1 0
github.com/zjx/one-rss/internal/translation/service.go:203.2,204.9 2 0
github.com/zjx/one-rss/internal/translation/service.go:204.9,206.3 1 0
github.com/zjx/one-rss/internal/translation/service.go:208.2,208.24 1 0
github.com/zjx/one-rss/internal/translation/service.go:219.64,220.20 1 1
github.com/zjx/one-rss/internal/translation/service.go:220.20,222.3 1 1
github.com/zjx/one-rss/internal/translation/service.go:223.2,223.17 1 1
github.com/zjx/one-rss/internal/translation/service.go:223.17,225.3 1 1
github.com/zjx/one-rss/internal/translation/service.go:227.2,232.3 1 1
github.com/zjx/one-rss/internal/translation/service.go:235.85,249.16 5 0
github.com/zjx/one-rss/internal/translation/service.go:249.16,251.3 1 0
github.com/zjx/one-rss/internal/translation/service.go:253.2,254.16 2 0
github.com/zjx/one-rss/internal/translation/service.go:254.16,256.3 1 0
github.com/zjx/one-rss/internal/translation/service.go:258.2,262.16 4 0
github.com/zjx/one-rss/internal/translation/service.go:262.16,264.3 1 0
github.com/zjx/one-rss/internal/translation/service.go:265.2,268.16 3 0
github.com/zjx/one-rss/internal/translation/service.go:268.16,270.3 1 0
github.com/zjx/one-rss/internal/translation/service.go:272.2,273.54 2 0
github.com/zjx/one-rss/internal/translation/service.go:273.54,275.3 1 0
github.com/zjx/one-rss/internal/translation/service.go:277.2,278.30 2 0
github.com/zjx/one-rss/internal/translation/service.go:278.30,280.3 1 0
github.com/zjx/one-rss/internal/translation/service.go:282.2,283.9 2 0
github.com/zjx/one-rss/internal/translation/service.go:283.9,285.3 1 0
github.com/zjx/one-rss/internal/translation/service.go:287.2,288.9 2 0
github.com/zjx/one-rss/internal/translation/service.go:288.9,290.3 1 0
github.com/zjx/one-rss/internal/translation/service.go:292.2,293.9 2 0
github.com/zjx/one-rss/internal/translation/service.go:293.9,295.3 1 0
github.com/zjx/one-rss/internal/translation/service.go:297.2,297.21 1 0
github.com/zjx/one-rss/main.go:20.13,23.16 2 0
github.com/zjx/one-rss/main.go:23.16,25.3 1 0
github.com/zjx/one-rss/main.go:26.2,33.69 4 0
github.com/zjx/one-rss/main.go:33.69,34.60 1 0
github.com/zjx/one-rss/main.go:34.60,36.4 1 0
github.com/zjx/one-rss/main.go:38.2,48.16 7 0
github.com/zjx/one-rss/main.go:48.16,50.3 1 0
github.com/zjx/one-rss/main.go:53.2,54.67 2 0
github.com/zjx/one-rss/main.go:54.67,57.17 2 0
github.com/zjx/one-rss/main.go:57.17,60.4 1 0
github.com/zjx/one-rss/main.go:60.9,62.4 1 0
github.com/zjx/one-rss/main.go:63.3,63.29 1 0
github.com/zjx/one-rss/main.go:67.2,68.16 2 0
github.com/zjx/one-rss/main.go:68.16,70.3 1 0
github.com/zjx/one-rss/main.go:73.2,74.59 2 0
github.com/zjx/one-rss/main.go:74.59,76.3 1 0
github.com/zjx/one-rss/frontend/node_modules/flatted/golang/pkg/flatted/flatted.go:16.68,21.30 4 0
github.com/zjx/one-rss/frontend/node_modules/flatted/golang/pkg/flatted/flatted.go:21.30,27.3 5 0
github.com/zjx/one-rss/frontend/node_modules/flatted/golang/pkg/flatted/flatted.go:29.2,29.28 1 0
github.com/zjx/one-rss/frontend/node_modules/flatted/golang/pkg/flatted/flatted.go:29.28,30.15 1 0
github.com/zjx/one-rss/frontend/node_modules/flatted/golang/pkg/flatted/flatted.go:30.15,32.4 1 0
github.com/zjx/one-rss/frontend/node_modules/flatted/golang/pkg/flatted/flatted.go:33.3,35.100 3 0
github.com/zjx/one-rss/frontend/node_modules/flatted/golang/pkg/flatted/flatted.go:35.100,36.32 1 0
github.com/zjx/one-rss/frontend/node_modules/flatted/golang/pkg/flatted/flatted.go:36.32,37.31 1 0
github.com/zjx/one-rss/frontend/node_modules/flatted/golang/pkg/flatted/flatted.go:37.31,38.16 1 0
github.com/zjx/one-rss/frontend/node_modules/flatted/golang/pkg/flatted/flatted.go:38.16,40.7 1 0
github.com/zjx/one-rss/frontend/node_modules/flatted/golang/pkg/flatted/flatted.go:41.11,43.59 2 0
github.com/zjx/one-rss/frontend/node_modules/flatted/golang/pkg/flatted/flatted.go:43.59,45.7 1 0
github.com/zjx/one-rss/frontend/node_modules/flatted/golang/pkg/flatted/flatted.go:48.4,48.19 1 0
github.com/zjx/one-rss/frontend/node_modules/flatted/golang/pkg/flatted/flatted.go:50.3,50.11 1 0
github.com/zjx/one-rss/frontend/node_modules/flatted/golang/pkg/flatted/flatted.go:53.2,53.31 1 0
github.com/zjx/one-rss/frontend/node_modules/flatted/golang/pkg/flatted/flatted.go:53.31,55.20 2 0
github.com/zjx/one-rss/frontend/node_modules/flatted/golang/pkg/flatted/flatted.go:55.20,57.4 1 0
github.com/zjx/one-rss/frontend/node_modules/flatted/golang/pkg/flatted/flatted.go:58.3,58.38 1 0
github.com/zjx/one-rss/frontend/node_modules/flatted/golang/pkg/flatted/flatted.go:58.38,60.4 1 0
github.com/zjx/one-rss/frontend/node_modules/flatted/golang/pkg/flatted/flatted.go:62.3,62.47 1 0
github.com/zjx/one-rss/frontend/node_modules/flatted/golang/pkg/flatted/flatted.go:62.47,64.4 1 0
github.com/zjx/one-rss/frontend/node_modules/flatted/golang/pkg/flatted/flatted.go:65.3,65.20 1 0
github.com/zjx/one-rss/frontend/node_modules/flatted/golang/pkg/flatted/flatted.go:66.37,68.34 2 0
github.com/zjx/one-rss/frontend/node_modules/flatted/golang/pkg/flatted/flatted.go:68.34,70.5 1 0
github.com/zjx/one-rss/frontend/node_modules/flatted/golang/pkg/flatted/flatted.go:71.4,71.14 1 0
github.com/zjx/one-rss/frontend/node_modules/flatted/golang/pkg/flatted/flatted.go:72.20,75.41 3 0
github.com/zjx/one-rss/frontend/node_modules/flatted/golang/pkg/flatted/flatted.go:75.41,77.5 1 0
github.com/zjx/one-rss/frontend/node_modules/flatted/golang/pkg/flatted/flatted.go:79.4,80.29 2 0
github.com/zjx/one-rss/frontend/node_modules/flatted/golang/pkg/flatted/flatted.go:80.29,82.20 2 0
github.com/zjx/one-rss/frontend/node_modules/flatted/golang/pkg/flatted/flatted.go:82.20,84.34 2 0
github.com/zjx/one-rss/frontend/node_modules/flatted/golang/pkg/flatted/flatted.go:84.34,85.20 1 0
github.com/zjx/one-rss/frontend/node_modules/flatted/golang/pkg/flatted/flatted.go:85.20,87.13 2 0
github.com/zjx/one-rss/frontend/node_modules/flatted/golang/pkg/flatted/flatted.go:90.6,90.16 1 0
github.com/zjx/one-rss/frontend/node_modules/flatted/golang/pkg/flatted/flatted.go:90.16,91.15 1 0
github.com/zjx/one-rss/frontend/node_modules/flatted/golang/pkg/flatted/flatted.go:94.5,94.53 1 0
github.com/zjx/one-rss/frontend/node_modules/flatted/golang/pkg/flatted/flatted.go:96.4,96.14 1 0
github.com/zjx/one-rss/frontend/node_modules/flatted/golang/pkg/flatted/flatted.go:97.23,100.39 3 0
github.com/zjx/one-rss/frontend/node_modules/flatted/golang/pkg/flatted/flatted.go:100.39,102.28 2 0
github.com/zjx/one-rss/frontend/node_modules/flatted/golang/pkg/flatted/flatted.go:102.28,103.14 1 0
github.com/zjx/one-rss/frontend/node_modules/flatted/golang/pkg/flatted/flatted.go:105.5,106.48 2 0
github.com/zjx/one-rss/frontend/node_modules/flatted/golang/pkg/flatted/flatted.go:106.48,108.6 1 0
github.com/zjx/one-rss/frontend/node_modules/flatted/golang/pkg/flatted/flatted.go:109.5,109.48 1 0
github.com/zjx/one-rss/frontend/node_modules/flatted/golang/pkg/flatted/flatted.go:111.4,111.14 1 0
github.com/zjx/one-rss/frontend/node_modules/flatted/golang/pkg/flatted/flatted.go:112.11,113.12 1 0
github.com/zjx/one-rss/frontend/node_modules/flatted/golang/pkg/flatted/flatted.go:117.2,119.34 3 0
github.com/zjx/one-rss/frontend/node_modules/flatted/golang/pkg/flatted/flatted.go:119.34,121.3 1 0
github.com/zjx/one-rss/frontend/node_modules/flatted/golang/pkg/flatted/flatted.go:123.2,126.33 4 0
github.com/zjx/one-rss/frontend/node_modules/flatted/golang/pkg/flatted/flatted.go:126.33,128.3 1 0
github.com/zjx/one-rss/frontend/node_modules/flatted/golang/pkg/flatted/flatted.go:128.8,128.37 1 0
github.com/zjx/one-rss/frontend/node_modules/flatted/golang/pkg/flatted/flatted.go:128.37,130.3 1 0
github.com/zjx/one-rss/frontend/node_modules/flatted/golang/pkg/flatted/flatted.go:132.2,132.18 1 0
github.com/zjx/one-rss/frontend/node_modules/flatted/golang/pkg/flatted/flatted.go:132.18,134.3 1 0
github.com/zjx/one-rss/frontend/node_modules/flatted/golang/pkg/flatted/flatted.go:134.8,136.3 1 0
github.com/zjx/one-rss/frontend/node_modules/flatted/golang/pkg/flatted/flatted.go:138.2,138.16 1 0
github.com/zjx/one-rss/frontend/node_modules/flatted/golang/pkg/flatted/flatted.go:138.16,140.3 1 0
github.com/zjx/one-rss/frontend/node_modules/flatted/golang/pkg/flatted/flatted.go:141.2,141.23 1 0
github.com/zjx/one-rss/frontend/node_modules/flatted/golang/pkg/flatted/flatted.go:145.79,147.65 2 0
github.com/zjx/one-rss/frontend/node_modules/flatted/golang/pkg/flatted/flatted.go:147.65,149.3 1 0
github.com/zjx/one-rss/frontend/node_modules/flatted/golang/pkg/flatted/flatted.go:151.2,152.25 2 0
github.com/zjx/one-rss/frontend/node_modules/flatted/golang/pkg/flatted/flatted.go:152.25,153.30 1 0
github.com/zjx/one-rss/frontend/node_modules/flatted/golang/pkg/flatted/flatted.go:153.30,155.4 1 0
github.com/zjx/one-rss/frontend/node_modules/flatted/golang/pkg/flatted/flatted.go:156.3,156.31 1 0
github.com/zjx/one-rss/frontend/node_modules/flatted/golang/pkg/flatted/flatted.go:156.31,157.29 1 0
github.com/zjx/one-rss/frontend/node_modules/flatted/golang/pkg/flatted/flatted.go:157.29,159.5 1 0
github.com/zjx/one-rss/frontend/node_modules/flatted/golang/pkg/flatted/flatted.go:160.4,160.14 1 0
github.com/zjx/one-rss/frontend/node_modules/flatted/golang/pkg/flatted/flatted.go:162.3,162.38 1 0
github.com/zjx/one-rss/frontend/node_modules/flatted/golang/pkg/flatted/flatted.go:162.38,163.27 1 0
github.com/zjx/one-rss/frontend/node_modules/flatted/golang/pkg/flatted/flatted.go:163.27,165.5 1 0
github.com/zjx/one-rss/frontend/node_modules/flatted/golang/pkg/flatted/flatted.go:166.4,166.12 1 0
github.com/zjx/one-rss/frontend/node_modules/flatted/golang/pkg/flatted/flatted.go:168.3,168.11 1 0
github.com/zjx/one-rss/frontend/node_modules/flatted/golang/pkg/flatted/flatted.go:171.2,172.30 2 0
github.com/zjx/one-rss/frontend/node_modules/flatted/golang/pkg/flatted/flatted.go:172.30,174.3 1 0
github.com/zjx/one-rss/frontend/node_modules/flatted/golang/pkg/flatted/flatted.go:176.2,177.28 2 0
github.com/zjx/one-rss/frontend/node_modules/flatted/golang/pkg/flatted/flatted.go:177.28,178.37 1 0
github.com/zjx/one-rss/frontend/node_modules/flatted/golang/pkg/flatted/flatted.go:178.37,180.4 1 0
github.com/zjx/one-rss/frontend/node_modules/flatted/golang/pkg/flatted/flatted.go:180.9,182.4 1 0
github.com/zjx/one-rss/frontend/node_modules/flatted/golang/pkg/flatted/flatted.go:185.2,185.21 1 0
github.com/zjx/one-rss/frontend/node_modules/flatted/golang/pkg/flatted/flatted.go:185.21,187.3 1 0
github.com/zjx/one-rss/frontend/node_modules/flatted/golang/pkg/flatted/flatted.go:189.2,191.78 3 0
github.com/zjx/one-rss/frontend/node_modules/flatted/golang/pkg/flatted/flatted.go:191.78,195.21 4 0
github.com/zjx/one-rss/frontend/node_modules/flatted/golang/pkg/flatted/flatted.go:195.21,197.4 1 0
github.com/zjx/one-rss/frontend/node_modules/flatted/golang/pkg/flatted/flatted.go:198.3,198.18 1 0
github.com/zjx/one-rss/frontend/node_modules/flatted/golang/pkg/flatted/flatted.go:201.2,201.20 1 0
github.com/zjx/one-rss/frontend/node_modules/flatted/golang/pkg/flatted/flatted.go:201.20,203.3 1 0
github.com/zjx/one-rss/frontend/node_modules/flatted/golang/pkg/flatted/flatted.go:204.2,204.19 1 0
github.com/zjx/one-rss/frontend/node_modules/flatted/golang/pkg/flatted/flatted.go:207.75,208.34 1 0
github.com/zjx/one-rss/frontend/node_modules/flatted/golang/pkg/flatted/flatted.go:208.34,209.25 1 0
github.com/zjx/one-rss/frontend/node_modules/flatted/golang/pkg/flatted/flatted.go:209.25,211.4 1 0
github.com/zjx/one-rss/frontend/node_modules/flatted/golang/pkg/flatted/flatted.go:212.8,212.48 1 0
github.com/zjx/one-rss/frontend/node_modules/flatted/golang/pkg/flatted/flatted.go:212.48,214.20 2 0
github.com/zjx/one-rss/frontend/node_modules/flatted/golang/pkg/flatted/flatted.go:214.20,216.4 1 0
github.com/zjx/one-rss/frontend/node_modules/flatted/golang/pkg/flatted/flatted.go:217.3,218.26 2 0
github.com/zjx/one-rss/frontend/node_modules/flatted/golang/pkg/flatted/flatted.go:218.26,220.4 1 0
github.com/zjx/one-rss/frontend/node_modules/flatted/golang/pkg/flatted/flatted.go:222.2,222.28 1 0
github.com/zjx/one-rss/frontend/node_modules/flatted/golang/pkg/flatted/flatted.go:225.61,226.34 1 0
github.com/zjx/one-rss/frontend/node_modules/flatted/golang/pkg/flatted/flatted.go:226.34,227.25 1 0
github.com/zjx/one-rss/frontend/node_modules/flatted/golang/pkg/flatted/flatted.go:227.25,228.38 1 0
github.com/zjx/one-rss/frontend/node_modules/flatted/golang/pkg/flatted/flatted.go:228.38,231.5 2 0
github.com/zjx/one-rss/frontend/node_modules/flatted/golang/pkg/flatted/flatted.go:233.3,233.13 1 0
github.com/zjx/one-rss/frontend/node_modules/flatted/golang/pkg/flatted/flatted.go:235.2,235.41 1 0
github.com/zjx/one-rss/frontend/node_modules/flatted/golang/pkg/flatted/flatted.go:235.41,236.23 1 0
github.com/zjx/one-rss/frontend/node_modules/flatted/golang/pkg/flatted/flatted.go:236.23,237.38 1 0
github.com/zjx/one-rss/frontend/node_modules/flatted/golang/pkg/flatted/flatted.go:237.38,240.5 2 0
github.com/zjx/one-rss/frontend/node_modules/flatted/golang/pkg/flatted/flatted.go:242.3,242.11 1 0
github.com/zjx/one-rss/frontend/node_modules/flatted/golang/pkg/flatted/flatted.go:244.2,244.14 1 0
github.com/zjx/one-rss/frontend/node_modules/flatted/golang/pkg/flatted/flatted.go:247.60,249.78 2 0
github.com/zjx/one-rss/frontend/node_modules/flatted/golang/pkg/flatted/flatted.go:249.78,251.16 2 0
github.com/zjx/one-rss/frontend/node_modules/flatted/golang/pkg/flatted/flatted.go:251.16,254.4 2 0
github.com/zjx/one-rss/frontend/node_modules/flatted/golang/pkg/flatted/flatted.go:256.2,256.14 1 0
github.com/zjx/one-rss/frontend/node_modules/flatted/golang/pkg/flatted/flatted.go:260.37,262.16 2 0
github.com/zjx/one-rss/frontend/node_modules/flatted/golang/pkg/flatted/flatted.go:262.16,264.3 1 0
github.com/zjx/one-rss/frontend/node_modules/flatted/golang/pkg/flatted/flatted.go:265.2,267.17 3 0
github.com/zjx/one-rss/frontend/node_modules/flatted/golang/pkg/flatted/flatted.go:271.39,273.16 2 0
github.com/zjx/one-rss/frontend/node_modules/flatted/golang/pkg/flatted/flatted.go:273.16,275.3 1 0
github.com/zjx/one-rss/frontend/node_modules/flatted/golang/pkg/flatted/flatted.go:276.2,276.30 1 0
github.com/zjx/one-rss/internal/handlers/articles.go:12.50,13.54 1 1
github.com/zjx/one-rss/internal/handlers/articles.go:13.54,14.33 1 1
github.com/zjx/one-rss/internal/handlers/articles.go:14.33,17.4 2 0
github.com/zjx/one-rss/internal/handlers/articles.go:19.3,24.15 5 1
github.com/zjx/one-rss/internal/handlers/articles.go:24.15,26.4 1 1
github.com/zjx/one-rss/internal/handlers/articles.go:27.3,27.31 1 1
github.com/zjx/one-rss/internal/handlers/articles.go:27.31,29.4 1 1
github.com/zjx/one-rss/internal/handlers/articles.go:30.3,43.19 4 1
github.com/zjx/one-rss/internal/handlers/articles.go:43.19,46.4 2 0
github.com/zjx/one-rss/internal/handlers/articles.go:48.3,48.17 1 1
github.com/zjx/one-rss/internal/handlers/articles.go:49.17,50.53 1 0
github.com/zjx/one-rss/internal/handlers/articles.go:51.20,52.37 1 0
github.com/zjx/one-rss/internal/handlers/articles.go:53.20,54.39 1 0
github.com/zjx/one-rss/internal/handlers/articles.go:55.17,56.35 1 0
github.com/zjx/one-rss/internal/handlers/articles.go:57.11,58.35 1 1
github.com/zjx/one-rss/internal/handlers/articles.go:61.3,65.17 4 1
github.com/zjx/one-rss/internal/handlers/articles.go:65.17,68.4 2 0
github.com/zjx/one-rss/internal/handlers/articles.go:69.3,72.19 3 1
github.com/zjx/one-rss/internal/handlers/articles.go:72.19,81.18 3 0
github.com/zjx/one-rss/internal/handlers/articles.go:81.18,82.13 1 0
github.com/zjx/one-rss/internal/handlers/articles.go:84.4,84.40 1 0
github.com/zjx/one-rss/internal/handlers/articles.go:87.3,87.22 1 1
github.com/zjx/one-rss/internal/handlers/articles.go:87.22,89.4 1 1
github.com/zjx/one-rss/internal/handlers/articles.go:90.3,90.28 1 1
github.com/zjx/one-rss/internal/handlers/articles.go:94.56,95.54 1 0
github.com/zjx/one-rss/internal/handlers/articles.go:95.54,96.33 1 0
github.com/zjx/one-rss/internal/handlers/articles.go:96.33,99.4 2 0
github.com/zjx/one-rss/internal/handlers/articles.go:101.3,102.22 2 0
github.com/zjx/one-rss/internal/handlers/articles.go:102.22,105.4 2 0
github.com/zjx/one-rss/internal/handlers/articles.go:107.3,109.27 3 0
github.com/zjx/one-rss/internal/handlers/articles.go:109.27,112.4 2 0
github.com/zjx/one-rss/internal/handlers/articles.go:113.3,113.17 1 0
github.com/zjx/one-rss/internal/handlers/articles.go:113.17,116.4 2 0
github.com/zjx/one-rss/internal/handlers/articles.go:118.3,118.57 1 0
github.com/zjx/one-rss/internal/handlers/articles.go:122.50,123.54 1 1
github.com/zjx/one-rss/internal/handlers/articles.go:123.54,124.34 1 1
github.com/zjx/one-rss/internal/handlers/articles.go:124.34,127.4 2 0
github.com/zjx/one-rss/internal/handlers/articles.go:129.3,133.62 2 1
github.com/zjx/one-rss/internal/handlers/articles.go:133.62,136.4 2 0
github.com/zjx/one-rss/internal/handlers/articles.go:138.3,139.17 2 1
github.com/zjx/one-rss/internal/handlers/articles.go:139.17,142.4 2 0
github.com/zjx/one-rss/internal/handlers/articles.go:144.3,144.67 1 1
github.com/zjx/one-rss/internal/handlers/articles.go:148.56,149.54 1 1
github.com/zjx/one-rss/internal/handlers/articles.go:149.54,150.34 1 1
github.com/zjx/one-rss/internal/handlers/articles.go:150.34,153.4 2 0
github.com/zjx/one-rss/internal/handlers/articles.go:155.3,158.62 2 1
github.com/zjx/one-rss/internal/handlers/articles.go:158.62,161.4 2 0
github.com/zjx/one-rss/internal/handlers/articles.go:163.3,164.17 2 1
github.com/zjx/one-rss/internal/handlers/articles.go:164.17,167.4 2 0
github.com/zjx/one-rss/internal/handlers/articles.go:169.3,169.68 1 1
github.com/zjx/one-rss/internal/handlers/articles.go:173.57,174.54 1 0
github.com/zjx/one-rss/internal/handlers/articles.go:174.54,175.34 1 0
github.com/zjx/one-rss/internal/handlers/articles.go:175.34,178.4 2 0
github.com/zjx/one-rss/internal/handlers/articles.go:180.3,183.62 2 0
github.com/zjx/one-rss/internal/handlers/articles.go:183.62,186.4 2 0
github.com/zjx/one-rss/internal/handlers/articles.go:188.3,189.17 2 0
github.com/zjx/one-rss/internal/handlers/articles.go:189.17,192.4 2 0
github.com/zjx/one-rss/internal/handlers/articles.go:194.3,194.70 1 0
github.com/zjx/one-rss/internal/handlers/articles.go:198.52,199.54 1 0
github.com/zjx/one-rss/internal/handlers/articles.go:199.54,200.34 1 0
github.com/zjx/one-rss/internal/handlers/articles.go:200.34,203.4 2 0
github.com/zjx/one-rss/internal/handlers/articles.go:205.3,208.62 2 0
github.com/zjx/one-rss/internal/handlers/articles.go:208.62,211.4 2 0
github.com/zjx/one-rss/internal/handlers/articles.go:213.3,214.17 2 0
github.com/zjx/one-rss/internal/handlers/articles.go:214.17,217.4 2 0
github.com/zjx/one-rss/internal/handlers/articles.go:219.3,219.64 1 0
github.com/zjx/one-rss/internal/handlers/articles.go:223.53,224.54 1 0
github.com/zjx/one-rss/internal/handlers/articles.go:224.54,225.34 1 0
github.com/zjx/one-rss/internal/handlers/articles.go:225.34,228.4 2 0
github.com/zjx/one-rss/internal/handlers/articles.go:230.3,233.62 2 0
github.com/zjx/one-rss/internal/handlers/articles.go:233.62,236.4 2 0
github.com/zjx/one-rss/internal/handlers/articles.go:238.3,241.24 3 0
github.com/zjx/one-rss/internal/handlers/articles.go:241.24,244.4 2 0
github.com/zjx/one-rss/internal/handlers/articles.go:246.3,247.17 2 0
github.com/zjx/one-rss/internal/handlers/articles.go:247.17,250.4 2 0
github.com/zjx/one-rss/internal/handlers/articles.go:252.3,252.79 1 0
github.com/zjx/one-rss/internal/handlers/articles.go:256.54,257.54 1 1
github.com/zjx/one-rss/internal/handlers/articles.go:257.54,258.33 1 1
github.com/zjx/one-rss/internal/handlers/articles.go:258.33,261.4 2 0
github.com/zjx/one-rss/internal/handlers/articles.go:263.3,269.17 3 1
github.com/zjx/one-rss/internal/handlers/articles.go:269.17,272.4 2 0
github.com/zjx/one-rss/internal/handlers/articles.go:275.3,276.17 2 1
github.com/zjx/one-rss/internal/handlers/articles.go:276.17,279.4 2 0
github.com/zjx/one-rss/internal/handlers/articles.go:280.3,282.19 2 1
github.com/zjx/one-rss/internal/handlers/articles.go:282.19,285.53 3 0
github.com/zjx/one-rss/internal/handlers/articles.go:285.53,286.13 1 0
github.com/zjx/one-rss/internal/handlers/articles.go:288.4,288.37 1 0
github.com/zjx/one-rss/internal/handlers/articles.go:291.3,291.26 1 1
github.com/zjx/one-rss/internal/handlers/feeds.go:12.47,13.54 1 1
github.com/zjx/one-rss/internal/handlers/feeds.go:13.54,14.33 1 1
github.com/zjx/one-rss/internal/handlers/feeds.go:14.33,17.4 2 1
github.com/zjx/one-rss/internal/handlers/feeds.go:19.3,26.17 2 1
github.com/zjx/one-rss/internal/handlers/feeds.go:26.17,29.4 2 0
github.com/zjx/one-rss/internal/handlers/feeds.go:30.3,33.19 3 1
github.com/zjx/one-rss/internal/handlers/feeds.go:33.19,43.18 3 0
github.com/zjx/one-rss/internal/handlers/feeds.go:43.18,44.13 1 0
github.com/zjx/one-rss/internal/handlers/feeds.go:46.4,46.31 1 0
github.com/zjx/one-rss/internal/handlers/feeds.go:49.3,49.19 1 1
github.com/zjx/one-rss/internal/handlers/feeds.go:49.19,51.4 1 1
github.com/zjx/one-rss/internal/handlers/feeds.go:52.3,52.25 1 1
github.com/zjx/one-rss/internal/handlers/feeds.go:56.49,57.54 1 1
github.com/zjx/one-rss/internal/handlers/feeds.go:57.54,58.34 1 1
github.com/zjx/one-rss/internal/handlers/feeds.go:58.34,61.4 2 0
github.com/zjx/one-rss/internal/handlers/feeds.go:63.3,67.62 2 1
github.com/zjx/one-rss/internal/handlers/feeds.go:67.62,70.4 2 0
github.com/zjx/one-rss/internal/handlers/feeds.go:72.3,72.20 1 1
github.com/zjx/one-rss/internal/handlers/feeds.go:72.20,75.4 2 0
github.com/zjx/one-rss/internal/handlers/feeds.go:78.3,85.17 4 1
github.com/zjx/one-rss/internal/handlers/feeds.go:85.17,88.4 2 0
github.com/zjx/one-rss/internal/handlers/feeds.go:90.3,96.5 2 1
github.com/zjx/one-rss/internal/handlers/feeds.go:100.52,101.54 1 1
github.com/zjx/one-rss/internal/handlers/feeds.go:101.54,102.34 1 1
github.com/zjx/one-rss/internal/handlers/feeds.go:102.34,105.4 2 0
github.com/zjx/one-rss/internal/handlers/feeds.go:107.3,110.62 2 1
github.com/zjx/one-rss/internal/handlers/feeds.go:110.62,113.4 2 0
github.com/zjx/one-rss/internal/handlers/feeds.go:115.3,116.17 2 1
github.com/zjx/one-rss/internal/handlers/feeds.go:116.17,119.4 2 0
github.com/zjx/one-rss/internal/handlers/feeds.go:121.3,121.77 1 1
github.com/zjx/one-rss/internal/handlers/feeds.go:125.52,126.54 1 0
github.com/zjx/one-rss/internal/handlers/feeds.go:126.54,127.34 1 0
github.com/zjx/one-rss/internal/handlers/feeds.go:127.34,130.4 2 0
github.com/zjx/one-rss/internal/handlers/feeds.go:132.3,133.63 2 0
github.com/zjx/one-rss/internal/handlers/feeds.go:133.63,136.4 2 0
github.com/zjx/one-rss/internal/handlers/feeds.go:138.3,148.17 2 0
github.com/zjx/one-rss/internal/handlers/feeds.go:148.17,151.4 2 0
github.com/zjx/one-rss/internal/handlers/feeds.go:153.3,153.77 1 0
github.com/zjx/one-rss/internal/handlers/feeds.go:157.53,158.54 1 0
github.com/zjx/one-rss/internal/handlers/feeds.go:158.54,159.34 1 0
github.com/zjx/one-rss/internal/handlers/feeds.go:159.34,162.4 2 0
github.com/zjx/one-rss/internal/handlers/feeds.go:164.3,167.62 2 0
github.com/zjx/one-rss/internal/handlers/feeds.go:167.62,170.4 2 0
github.com/zjx/one-rss/internal/handlers/feeds.go:173.3,173.72 1 0
github.com/zjx/one-rss/internal/handlers/feeds.go:177.54,178.54 1 0
github.com/zjx/one-rss/internal/handlers/feeds.go:178.54,179.34 1 0
github.com/zjx/one-rss/internal/handlers/feeds.go:179.34,182.4 2 0
github.com/zjx/one-rss/internal/handlers/feeds.go:184.3,187.62 2 0
github.com/zjx/one-rss/internal/handlers/feeds.go:187.62,190.4 2 0
github.com/zjx/one-rss/internal/handlers/feeds.go:192.3,193.17 2 0
github.com/zjx/one-rss/internal/handlers/feeds.go:193.17,196.4 2 0
github.com/zjx/one-rss/internal/handlers/feeds.go:198.3,198.34 1 0
github.com/zjx/one-rss/internal/handlers/feeds.go:198.34,200.18 2 0
github.com/zjx/one-rss/internal/handlers/feeds.go:200.18,204.5 3 0
github.com/zjx/one-rss/internal/handlers/feeds.go:207.3,207.37 1 0
github.com/zjx/one-rss/internal/handlers/feeds.go:207.37,210.4 2 0
github.com/zjx/one-rss/internal/handlers/feeds.go:212.3,212.80 1 0
github.com/zjx/one-rss/internal/handlers/routes.go:16.50,80.2 40 0
github.com/zjx/one-rss/internal/handlers/routes.go:82.48,83.54 1 1
github.com/zjx/one-rss/internal/handlers/routes.go:83.54,84.35 1 1
github.com/zjx/one-rss/internal/handlers/routes.go:84.35,87.4 2 0
github.com/zjx/one-rss/internal/handlers/routes.go:88.3,88.53 1 1
github.com/zjx/one-rss/internal/handlers/routes.go:92.65,93.54 1 0
github.com/zjx/one-rss/internal/handlers/routes.go:93.54,94.34 1 0
github.com/zjx/one-rss/internal/handlers/routes.go:94.34,97.4 2 0
github.com/zjx/one-rss/internal/handlers/routes.go:99.3,104.62 2 0
github.com/zjx/one-rss/internal/handlers/routes.go:104.62,107.4 2 0
github.com/zjx/one-rss/internal/handlers/routes.go:109.3,110.17 2 0
github.com/zjx/one-rss/internal/handlers/routes.go:110.17,113.4 2 0
github.com/zjx/one-rss/internal/handlers/routes.go:115.3,115.63 1 0
github.com/zjx/one-rss/internal/handlers/routes.go:119.69,120.54 1 0
github.com/zjx/one-rss/internal/handlers/routes.go:120.54,121.34 1 0
github.com/zjx/one-rss/internal/handlers/routes.go:121.34,124.4 2 0
github.com/zjx/one-rss/internal/handlers/routes.go:126.3,130.62 2 0
github.com/zjx/one-rss/internal/handlers/routes.go:130.62,133.4 2 0
github.com/zjx/one-rss/internal/handlers/routes.go:135.3,136.17 2 0
github.com/zjx/one-rss/internal/handlers/routes.go:136.17,139.4 2 0
github.com/zjx/one-rss/internal/handlers/routes.go:141.3,141.63 1 0
github.com/zjx/one-rss/internal/handlers/routes.go:145.61,146.54 1 0
github.com/zjx/one-rss/internal/handlers/routes.go:146.54,147.34 1 0
github.com/zjx/one-rss/internal/handlers/routes.go:147.34,150.4 2 0
github.com/zjx/one-rss/internal/handlers/routes.go:152.3,156.62 2 0
github.com/zjx/one-rss/internal/handlers/routes.go:156.62,159.4 2 0
github.com/zjx/one-rss/internal/handlers/routes.go:161.3,162.17 2 0
github.com/zjx/one-rss/internal/handlers/routes.go:162.17,165.4 2 0
github.com/zjx/one-rss/internal/handlers/routes.go:167.3,167.57 1 0
github.com/zjx/one-rss/internal/handlers/routes.go:171.53,172.54 1 0
github.com/zjx/one-rss/internal/handlers/routes.go:172.54,173.34 1 0
github.com/zjx/one-rss/internal/handlers/routes.go:173.34,176.4 2 0
github.com/zjx/one-rss/internal/handlers/routes.go:178.3,179.65 2 0
github.com/zjx/one-rss/internal/handlers/routes.go:179.65,182.4 2 0
github.com/zjx/one-rss/internal/handlers/routes.go:184.3,185.17 2 0
github.com/zjx/one-rss/internal/handlers/routes.go:185.17,188.4 2 0
github.com/zjx/one-rss/internal/handlers/routes.go:190.3,190.55 1 0
github.com/zjx/one-rss/internal/handlers/routes.go:194.55,195.54 1 0
github.com/zjx/one-rss/internal/handlers/routes.go:195.54,196.34 1 0
github.com/zjx/one-rss/internal/handlers/routes.go:196.34,199.4 2 0
github.com/zjx/one-rss/internal/handlers/routes.go:201.3,206.62 2 0
github.com/zjx/one-rss/internal/handlers/routes.go:206.62,209.4 2 0
github.com/zjx/one-rss/internal/handlers/routes.go:211.3,212.17 2 0
github.com/zjx/one-rss/internal/handlers/routes.go:212.17,215.4 2 0
github.com/zjx/one-rss/internal/handlers/routes.go:217.3,217.55 1 0
github.com/zjx/one-rss/internal/handlers/routes.go:221.59,222.54 1 0
github.com/zjx/one-rss/internal/handlers/routes.go:222.54,223.33 1 0
github.com/zjx/one-rss/internal/handlers/routes.go:223.33,226.4 2 0
github.com/zjx/one-rss/internal/handlers/routes.go:228.3,230.17 3 0
github.com/zjx/one-rss/internal/handlers/routes.go:230.17,233.4 2 0
github.com/zjx/one-rss/internal/handlers/routes.go:235.3,236.17 2 0
github.com/zjx/one-rss/internal/handlers/routes.go:236.17,239.4 2 0
github.com/zjx/one-rss/internal/handlers/routes.go:241.3,241.28 1 0
github.com/zjx/one-rss/internal/handlers/routes.go:245.64,246.54 1 0
github.com/zjx/one-rss/internal/handlers/routes.go:246.54,247.34 1 0
github.com/zjx/one-rss/internal/handlers/routes.go:247.34,250.4 2 0
github.com/zjx/one-rss/internal/handlers/routes.go:252.3,256.62 2 0
github.com/zjx/one-rss/internal/handlers/routes.go:256.62,259.4 2 0
github.com/zjx/one-rss/internal/handlers/routes.go:261.3,262.17 2 0
github.com/zjx/one-rss/internal/handlers/routes.go:262.17,265.4 2 0
github.com/zjx/one-rss/internal/handlers/routes.go:267.3,267.27 1 0
github.com/zjx/one-rss/internal/handlers/routes.go:271.59,272.54 1 0
github.com/zjx/one-rss/internal/handlers/routes.go:272.54,273.33 1 0
github.com/zjx/one-rss/internal/handlers/routes.go:273.33,276.4 2 0
github.com/zjx/one-rss/internal/handlers/routes.go:278.3,280.17 3 0
github.com/zjx/one-rss/internal/handlers/routes.go:280.17,283.4 2 0
github.com/zjx/one-rss/internal/handlers/routes.go:285.3,286.17 2 0
github.com/zjx/one-rss/internal/handlers/routes.go:286.17,289.4 2 0
github.com/zjx/one-rss/internal/handlers/routes.go:291.3,291.28 1 0
github.com/zjx/one-rss/internal/handlers/routes.go:295.55,296.54 1 0
github.com/zjx/one-rss/internal/handlers/routes.go:296.54,297.34 1 0
github.com/zjx/one-rss/internal/handlers/routes.go:297.34,300.4 2 0
github.com/zjx/one-rss/internal/handlers/routes.go:302.3,308.62 2 0
github.com/zjx/one-rss/internal/handlers/routes.go:308.62,311.4 2 0
github.com/zjx/one-rss/internal/handlers/routes.go:313.3,314.17 2 0
github.com/zjx/one-rss/internal/handlers/routes.go:314.17,317.4 2 0
github.com/zjx/one-rss/internal/handlers/routes.go:319.3,319.27 1 0
github.com/zjx/one-rss/internal/handlers/routes.go:323.70,324.54 1 0
github.com/zjx/one-rss/internal/handlers/routes.go:324.54,325.34 1 0
github.com/zjx/one-rss/internal/handlers/routes.go:325.34,328.4 2 0
github.com/zjx/one-rss/internal/handlers/routes.go:330.3,335.62 2 0
github.com/zjx/one-rss/internal/handlers/routes.go:335.62,338.4 2 0
github.com/zjx/one-rss/internal/handlers/routes.go:341.3,341.72 1 0
github.com/zjx/one-rss/internal/handlers/routes.go:345.68,346.54 1 0
github.com/zjx/one-rss/internal/handlers/routes.go:346.54,347.34 1 0
github.com/zjx/one-rss/internal/handlers/routes.go:347.34,350.4 2 0
github.com/zjx/one-rss/internal/handlers/routes.go:352.3,357.62 2 0
github.com/zjx/one-rss/internal/handlers/routes.go:357.62,360.4 2 0
github.com/zjx/one-rss/internal/handlers/routes.go:363.3,363.70 1 0
github.com/zjx/one-rss/internal/handlers/routes.go:367.68,368.54 1 0
github.com/zjx/one-rss/internal/handlers/routes.go:368.54,369.34 1 0
github.com/zjx/one-rss/internal/handlers/routes.go:369.34,372.4 2 0
github.com/zjx/one-rss/internal/handlers/routes.go:374.3,378.62 2 0
github.com/zjx/one-rss/internal/handlers/routes.go:378.62,381.4 2 0
github.com/zjx/one-rss/internal/handlers/routes.go:384.3,384.70 1 0
github.com/zjx/one-rss/internal/handlers/routes.go:388.68,389.54 1 0
github.com/zjx/one-rss/internal/handlers/routes.go:389.54,390.34 1 0
github.com/zjx/one-rss/internal/handlers/routes.go:390.34,393.4 2 0
github.com/zjx/one-rss/internal/handlers/routes.go:395.3,396.65 2 0
github.com/zjx/one-rss/internal/handlers/routes.go:396.65,399.4 2 0
github.com/zjx/one-rss/internal/handlers/routes.go:401.3,402.17 2 0
github.com/zjx/one-rss/internal/handlers/routes.go:402.17,405.4 2 0
github.com/zjx/one-rss/internal/handlers/routes.go:407.3,407.75 1 0
github.com/zjx/one-rss/internal/handlers/routes.go:411.70,412.54 1 0
github.com/zjx/one-rss/internal/handlers/routes.go:412.54,413.34 1 0
github.com/zjx/one-rss/internal/handlers/routes.go:413.34,416.4 2 0
github.com/zjx/one-rss/internal/handlers/routes.go:418.3,422.62 2 0
github.com/zjx/one-rss/internal/handlers/routes.go:422.62,425.4 2 0
github.com/zjx/one-rss/internal/handlers/routes.go:427.3,428.17 2 0
github.com/zjx/one-rss/internal/handlers/routes.go:428.17,431.4 2 0
github.com/zjx/one-rss/internal/handlers/routes.go:433.3,433.51 1 0
github.com/zjx/one-rss/internal/handlers/routes.go:437.65,438.54 1 0
github.com/zjx/one-rss/internal/handlers/routes.go:438.54,439.33 1 0
github.com/zjx/one-rss/internal/handlers/routes.go:439.33,442.4 2 0
github.com/zjx/one-rss/internal/handlers/routes.go:444.3,445.17 2 0
github.com/zjx/one-rss/internal/handlers/routes.go:445.17,448.4 2 0
github.com/zjx/one-rss/internal/handlers/routes.go:450.3,450.25 1 0
github.com/zjx/one-rss/internal/handlers/routes.go:454.60,457.2 2 1
github.com/zjx/one-rss/internal/handlers/routes.go:459.69,463.2 3 1
github.com/zjx/one-rss/internal/handlers/settings.go:10.50,11.54 1 1
github.com/zjx/one-rss/internal/handlers/settings.go:11.54,12.19 1 1
github.com/zjx/one-rss/internal/handlers/settings.go:13.23,15.18 2 1
github.com/zjx/one-rss/internal/handlers/settings.go:15.18,18.5 2 0
github.com/zjx/one-rss/internal/handlers/settings.go:19.4,22.20 3 1
github.com/zjx/one-rss/internal/handlers/settings.go:22.20,25.63 3 0
github.com/zjx/one-rss/internal/handlers/settings.go:25.63,26.14 1 0
github.com/zjx/one-rss/internal/handlers/settings.go:29.5,30.69 2 0
github.com/zjx/one-rss/internal/handlers/settings.go:30.69,33.6 1 0
github.com/zjx/one-rss/internal/handlers/settings.go:33.11,35.6 1 0
github.com/zjx/one-rss/internal/handlers/settings.go:37.4,37.29 1 1
github.com/zjx/one-rss/internal/handlers/settings.go:39.24,41.63 2 1
github.com/zjx/one-rss/internal/handlers/settings.go:41.63,44.5 2 0
github.com/zjx/one-rss/internal/handlers/settings.go:46.4,47.18 2 1
github.com/zjx/one-rss/internal/handlers/settings.go:47.18,50.5 2 0
github.com/zjx/one-rss/internal/handlers/settings.go:52.4,52.32 1 1
github.com/zjx/one-rss/internal/handlers/settings.go:52.32,55.30 2 1
github.com/zjx/one-rss/internal/handlers/settings.go:56.17,58.18 1 1
github.com/zjx/one-rss/internal/handlers/settings.go:59.13,62.34 2 0
github.com/zjx/one-rss/internal/handlers/settings.go:65.5,69.19 2 1
github.com/zjx/one-rss/internal/handlers/settings.go:69.19,73.6 3 0
github.com/zjx/one-rss/internal/handlers/settings.go:76.4,76.38 1 1
github.com/zjx/one-rss/internal/handlers/settings.go:76.38,79.5 2 0
github.com/zjx/one-rss/internal/handlers/settings.go:81.4,81.69 1 1
github.com/zjx/one-rss/internal/handlers/settings.go:83.11,84.71 1 0
github.com/zjx/one-rss/internal/handlers/settings.go:89.46,90.54 1 1
github.com/zjx/one-rss/internal/handlers/settings.go:90.54,91.19 1 1
github.com/zjx/one-rss/internal/handlers/settings.go:92.23,94.18 2 1
github.com/zjx/one-rss/internal/handlers/settings.go:94.18,97.5 2 0
github.com/zjx/one-rss/internal/handlers/settings.go:98.4,106.20 3 1
github.com/zjx/one-rss/internal/handlers/settings.go:106.20,113.84 2 0
github.com/zjx/one-rss/internal/handlers/settings.go:113.84,114.14 1 0
github.com/zjx/one-rss/internal/handlers/settings.go:116.5,116.29 1 0
github.com/zjx/one-rss/internal/handlers/settings.go:119.4,119.19 1 1
github.com/zjx/one-rss/internal/handlers/settings.go:119.19,126.5 1 1
github.com/zjx/one-rss/internal/handlers/settings.go:127.4,127.25 1 1
github.com/zjx/one-rss/internal/handlers/settings.go:129.11,130.71 1 0
github.com/zjx/one-rss/internal/handlers/settings.go:135.49,136.54 1 1
github.com/zjx/one-rss/internal/handlers/settings.go:136.54,137.34 1 1
github.com/zjx/one-rss/internal/handlers/settings.go:137.34,140.4 2 0
github.com/zjx/one-rss/internal/handlers/settings.go:143.3,143.67 1 1
github.com/zjx/one-rss/internal/handlers/settings.go:147.50,148.54 1 1
github.com/zjx/one-rss/internal/handlers/settings.go:148.54,149.33 1 1
github.com/zjx/one-rss/internal/handlers/settings.go:149.33,152.4 2 0
github.com/zjx/one-rss/internal/handlers/settings.go:155.3,166.28 2 1
github.com/zjx/one-rss/internal/handlers/settings.go:170.54,171.54 1 0
github.com/zjx/one-rss/internal/handlers/settings.go:171.54,172.19 1 0
github.com/zjx/one-rss/internal/handlers/settings.go:173.23,175.18 2 0
github.com/zjx/one-rss/internal/handlers/settings.go:175.18,178.5 2 0
github.com/zjx/one-rss/internal/handlers/settings.go:179.4,187.20 3 0
github.com/zjx/one-rss/internal/handlers/settings.go:187.20,194.101 2 0
github.com/zjx/one-rss/internal/handlers/settings.go:194.101,195.14 1 0
github.com/zjx/one-rss/internal/handlers/settings.go:197.5,197.38 1 0
github.com/zjx/one-rss/internal/handlers/settings.go:200.4,200.22 1 0
github.com/zjx/one-rss/internal/handlers/settings.go:200.22,207.5 1 0
github.com/zjx/one-rss/internal/handlers/settings.go:208.4,208.28 1 0
github.com/zjx/one-rss/internal/handlers/settings.go:210.11,211.71 1 0
github.com/zjx/one-rss/internal/scheduler/scheduler.go:24.89,31.2 1 1
github.com/zjx/one-rss/internal/scheduler/scheduler.go:33.29,35.15 2 1
github.com/zjx/one-rss/internal/scheduler/scheduler.go:35.15,38.3 2 1
github.com/zjx/one-rss/internal/scheduler/scheduler.go:39.2,43.12 4 1
github.com/zjx/one-rss/internal/scheduler/scheduler.go:43.12,46.3 2 1
github.com/zjx/one-rss/internal/scheduler/scheduler.go:48.2,48.34 1 1
github.com/zjx/one-rss/internal/scheduler/scheduler.go:51.28,53.16 2 1
github.com/zjx/one-rss/internal/scheduler/scheduler.go:53.16,56.3 2 1
github.com/zjx/one-rss/internal/scheduler/scheduler.go:57.2,62.34 5 1
github.com/zjx/one-rss/internal/scheduler/scheduler.go:65.27,72.6 4 1
github.com/zjx/one-rss/internal/scheduler/scheduler.go:72.6,73.10 1 1
github.com/zjx/one-rss/internal/scheduler/scheduler.go:74.19,75.23 1 0
github.com/zjx/one-rss/internal/scheduler/scheduler.go:76.19,77.10 1 1
github.com/zjx/one-rss/internal/scheduler/scheduler.go:82.39,90.16 3 1
github.com/zjx/one-rss/internal/scheduler/scheduler.go:90.16,93.3 2 0
github.com/zjx/one-rss/internal/scheduler/scheduler.go:94.2,97.18 3 1
github.com/zjx/one-rss/internal/scheduler/scheduler.go:97.18,99.111 2 0
github.com/zjx/one-rss/internal/scheduler/scheduler.go:99.111,100.12 1 0
github.com/zjx/one-rss/internal/scheduler/scheduler.go:102.3,102.30 1 0
github.com/zjx/one-rss/internal/scheduler/scheduler.go:105.2,105.29 1 1
github.com/zjx/one-rss/internal/scheduler/scheduler.go:105.29,107.31 1 0
github.com/zjx/one-rss/internal/scheduler/scheduler.go:107.31,109.38 2 0
github.com/zjx/one-rss/internal/scheduler/scheduler.go:109.38,110.13 1 0
github.com/zjx/one-rss/internal/scheduler/scheduler.go:114.3,114.55 1 0
github.com/zjx/one-rss/internal/scheduler/scheduler.go:114.55,116.4 1 0
github.com/zjx/one-rss/internal/scheduler/scheduler.go:116.9,118.4 1 0
github.com/zjx/one-rss/internal/scheduler/scheduler.go:121.2,121.46 1 1
github.com/zjx/one-rss/internal/scheduler/scheduler.go:124.53,131.16 3 1
github.com/zjx/one-rss/internal/scheduler/scheduler.go:131.16,133.3 1 1
github.com/zjx/one-rss/internal/scheduler/scheduler.go:135.2,135.38 1 0
